#
# There is insufficient memory for the Java Runtime Environment to continue.
# Native memory allocation (mmap) failed to map 130023424 bytes for G1 virtual space
# Possible reasons:
#   The system is out of physical RAM or swap space
#   The process is running with CompressedOops enabled, and the Java Heap may be blocking the growth of the native heap
# Possible solutions:
#   Reduce memory load on the system
#   Increase physical memory or swap space
#   Check if swap backing store is full
#   Decrease Java heap size (-Xmx/-Xms)
#   Decrease number of Java threads
#   Decrease Java thread stack sizes (-Xss)
#   Set larger code cache with -XX:ReservedCodeCacheSize=
#   JVM is running with Unscaled Compressed Oops mode in which the Java heap is
#     placed in the first 4GB address space. The Java Heap base address is the
#     maximum limit for the native heap growth. Please use -XX:HeapBaseMinAddress
#     to set the Java Heap base and to place the Java Heap above 4GB virtual address.
# This output file may be truncated or incomplete.
#
#  Out of Memory Error (os_windows.cpp:3469), pid=16576, tid=26652
#
# JRE version:  (17.0.1+12) (build )
# Java VM: Java HotSpot(TM) 64-Bit Server VM (17.0.1+12-LTS-39, mixed mode, sharing, tiered, compressed oops, compressed class ptrs, g1 gc, windows-amd64)
# No core dump will be written. Minidumps are not enabled by default on client versions of Windows
#

---------------  S U M M A R Y ------------

Command Line: -Dnet.bytebuddy.agent.attacher.dump= net.bytebuddy.agent.Attacher com.sun.tools.attach.VirtualMachine 26668 C:\Users\nibed\.m2\repository\net\bytebuddy\byte-buddy-agent\1.17.8\byte-buddy-agent-1.17.8.jar false 

Host: 11th Gen Intel(R) Core(TM) i3-1125G4 @ 2.00GHz, 8 cores, 7G,  Windows 10 , 64 bit Build 26100 (10.0.26100.7019)
Time: Sun Nov 30 11:55:18 2025 India Standard Time elapsed time: 0.014605 seconds (0d 0h 0m 0s)

---------------  T H R E A D  ---------------

Current thread (0x000001b3f09333e0):  JavaThread "Unknown thread" [_thread_in_vm, id=26652, stack(0x00000030b6f00000,0x00000030b7000000)]

Stack: [0x00000030b6f00000,0x00000030b7000000]
Native frames: (J=compiled Java code, j=interpreted, Vv=VM code, C=native code)
V  [jvm.dll+0x66fa1a]
V  [jvm.dll+0x7ce5a4]
V  [jvm.dll+0x7cfd4e]
V  [jvm.dll+0x7d03b3]
V  [jvm.dll+0x242b05]
V  [jvm.dll+0x66ca39]
V  [jvm.dll+0x661502]
V  [jvm.dll+0x30081b]
V  [jvm.dll+0x307da6]
V  [jvm.dll+0x357a1e]
V  [jvm.dll+0x357c4f]
V  [jvm.dll+0x2d7ad8]
V  [jvm.dll+0x2d8a44]
V  [jvm.dll+0x7a01e1]
V  [jvm.dll+0x365791]
V  [jvm.dll+0x77f6cc]
V  [jvm.dll+0x3e812f]
V  [jvm.dll+0x3e9bd1]
C  [jli.dll+0x527b]
C  [ucrtbase.dll+0x37b0]
C  [KERNEL32.DLL+0x2e8d7]
C  [ntdll.dll+0x8c53c]


---------------  P R O C E S S  ---------------

Threads class SMR info:
_java_thread_list=0x00007ffece687818, length=0, elements={
}

Java Threads: ( => current thread )

Other Threads:
  0x000001b3f09707e0 GCTaskThread "GC Thread#0" [stack: 0x00000030b7000000,0x00000030b7100000] [id=9668]
  0x000001b3f0982e30 ConcurrentGCThread "G1 Main Marker" [stack: 0x00000030b7100000,0x00000030b7200000] [id=2932]
  0x000001b3f0984a20 ConcurrentGCThread "G1 Conc#0" [stack: 0x00000030b7200000,0x00000030b7300000] [id=4368]

[error occurred during error reporting (printing all threads), id 0xc0000005, EXCEPTION_ACCESS_VIOLATION (0xc0000005) at pc=0x00007ffecded84b7]

VM state: not at safepoint (not fully initialized)

VM Mutex/Monitor currently owned by a thread:  ([mutex/lock_event])
[0x000001b3f092b4f0] Heap_lock - owner thread: 0x000001b3f09333e0

Heap address: 0x0000000084000000, size: 1984 MB, Compressed Oops mode: 32-bit

CDS archive(s) mapped at: [0x0000000000000000-0x0000000000000000-0x0000000000000000), size 0, SharedBaseAddress: 0x0000000800000000, ArchiveRelocationMode: 0.
Narrow klass base: 0x0000000000000000, Narrow klass shift: 0, Narrow klass range: 0x0

GC Precious Log:
<Empty>

Heap:
 garbage-first heap   total 0K, used 0K [0x0000000084000000, 0x0000000100000000)
  region size 1024K, 0 young (0K), 0 survivors (0K)

[error occurred during error reporting (printing heap information), id 0xc0000005, EXCEPTION_ACCESS_VIOLATION (0xc0000005) at pc=0x00007ffece2b8d89]

GC Heap History (0 events):
No events

Deoptimization events (0 events):
No events

Classes unloaded (0 events):
No events

Classes redefined (0 events):
No events

Internal exceptions (0 events):
No events

VM Operations (0 events):
No events

Events (1 events):
Event: 0.010 Loaded shared library C:\Program Files\Java\jdk-17.0.1\bin\java.dll


Dynamic libraries:
0x00007ff62f170000 - 0x00007ff62f180000 	C:\Program Files\Java\jdk-17.0.1\bin\java.exe
0x00007fff5d340000 - 0x00007fff5d5a8000 	C:\WINDOWS\SYSTEM32\ntdll.dll
0x00007fff5b470000 - 0x00007fff5b539000 	C:\WINDOWS\System32\KERNEL32.DLL
0x00007fff5a6b0000 - 0x00007fff5aaa8000 	C:\WINDOWS\System32\KERNELBASE.dll
0x00007fff547a0000 - 0x00007fff5483f000 	C:\WINDOWS\SYSTEM32\apphelp.dll
0x00007fff5af90000 - 0x00007fff5b0db000 	C:\WINDOWS\System32\ucrtbase.dll
0x00007fff278a0000 - 0x00007fff278b8000 	C:\Program Files\Java\jdk-17.0.1\bin\jli.dll
0x00007fff20ba0000 - 0x00007fff20bba000 	C:\Program Files\Java\jdk-17.0.1\bin\VCRUNTIME140.dll
0x00007fff5bec0000 - 0x00007fff5bf74000 	C:\WINDOWS\System32\ADVAPI32.dll
0x00007fff5bf90000 - 0x00007fff5c039000 	C:\WINDOWS\System32\msvcrt.dll
0x00007fff5c1c0000 - 0x00007fff5c266000 	C:\WINDOWS\System32\sechost.dll
0x00007fff5d1e0000 - 0x00007fff5d2f8000 	C:\WINDOWS\System32\RPCRT4.dll
0x00007fff5b9c0000 - 0x00007fff5bb87000 	C:\WINDOWS\System32\USER32.dll
0x00007fff5a680000 - 0x00007fff5a6a7000 	C:\WINDOWS\System32\win32u.dll
0x00007fff3acb0000 - 0x00007fff3af44000 	C:\WINDOWS\WinSxS\amd64_microsoft.windows.common-controls_6595b64144ccf1df_6.0.26100.7019_none_3e06ffa0e335b8a8\COMCTL32.dll
0x00007fff5b1a0000 - 0x00007fff5b1cb000 	C:\WINDOWS\System32\GDI32.dll
0x00007fff5a550000 - 0x00007fff5a67c000 	C:\WINDOWS\System32\gdi32full.dll
0x00007fff5aee0000 - 0x00007fff5af83000 	C:\WINDOWS\System32\msvcp_win.dll
0x00007fff47110000 - 0x00007fff4711b000 	C:\WINDOWS\SYSTEM32\VERSION.dll
0x00007fff5bc10000 - 0x00007fff5bc41000 	C:\WINDOWS\System32\IMM32.DLL
0x00007fff3d910000 - 0x00007fff3d91c000 	C:\Program Files\Java\jdk-17.0.1\bin\vcruntime140_1.dll
0x00007ffef0df0000 - 0x00007ffef0e7d000 	C:\Program Files\Java\jdk-17.0.1\bin\msvcp140.dll
0x00007ffecdbf0000 - 0x00007ffece7ae000 	C:\Program Files\Java\jdk-17.0.1\bin\server\jvm.dll
0x00007fff5b560000 - 0x00007fff5b568000 	C:\WINDOWS\System32\PSAPI.DLL
0x00007fff39fa0000 - 0x00007fff39faa000 	C:\WINDOWS\SYSTEM32\WSOCK32.dll
0x00007fff4cb10000 - 0x00007fff4cb45000 	C:\WINDOWS\SYSTEM32\WINMM.dll
0x00007fff5c140000 - 0x00007fff5c1b4000 	C:\WINDOWS\System32\WS2_32.dll
0x00007fff59250000 - 0x00007fff5926b000 	C:\WINDOWS\SYSTEM32\kernel.appcore.dll
0x00007fff3d8b0000 - 0x00007fff3d8ba000 	C:\Program Files\Java\jdk-17.0.1\bin\jimage.dll
0x00007fff57da0000 - 0x00007fff57fe2000 	C:\WINDOWS\SYSTEM32\DBGHELP.DLL
0x00007fff5b630000 - 0x00007fff5b9bb000 	C:\WINDOWS\System32\combase.dll
0x00007fff5c700000 - 0x00007fff5c7d7000 	C:\WINDOWS\System32\OLEAUT32.dll
0x00007fff3a550000 - 0x00007fff3a58c000 	C:\WINDOWS\SYSTEM32\dbgcore.DLL
0x00007fff5acb0000 - 0x00007fff5ad55000 	C:\WINDOWS\System32\bcryptPrimitives.dll
0x00007fff1c0e0000 - 0x00007fff1c105000 	C:\Program Files\Java\jdk-17.0.1\bin\java.dll

dbghelp: loaded successfully - version: 4.0.5 - missing functions: none
symbol engine: initialized successfully - sym options: 0x614 - pdb path: .;C:\Program Files\Java\jdk-17.0.1\bin;C:\WINDOWS\SYSTEM32;C:\WINDOWS\WinSxS\amd64_microsoft.windows.common-controls_6595b64144ccf1df_6.0.26100.7019_none_3e06ffa0e335b8a8;C:\Program Files\Java\jdk-17.0.1\bin\server

VM Arguments:
jvm_args: -Dnet.bytebuddy.agent.attacher.dump= 
java_command: net.bytebuddy.agent.Attacher com.sun.tools.attach.VirtualMachine 26668 C:\Users\nibed\.m2\repository\net\bytebuddy\byte-buddy-agent\1.17.8\byte-buddy-agent-1.17.8.jar false 
java_class_path (initial): C:\Users\nibed\.m2\repository\net\bytebuddy\byte-buddy-agent\1.17.8\byte-buddy-agent-1.17.8.jar
Launcher Type: SUN_STANDARD

[Global flags]
     intx CICompilerCount                          = 4                                         {product} {ergonomic}
     uint ConcGCThreads                            = 2                                         {product} {ergonomic}
     uint G1ConcRefinementThreads                  = 8                                         {product} {ergonomic}
   size_t G1HeapRegionSize                         = 1048576                                   {product} {ergonomic}
    uintx GCDrainStackTargetSize                   = 64                                        {product} {ergonomic}
   size_t InitialHeapSize                          = 130023424                                 {product} {ergonomic}
   size_t MarkStackSize                            = 4194304                                   {product} {ergonomic}
   size_t MaxHeapSize                              = 2080374784                                {product} {ergonomic}
   size_t MinHeapDeltaBytes                        = 1048576                                   {product} {ergonomic}
   size_t MinHeapSize                              = 8388608                                   {product} {ergonomic}
    uintx NonNMethodCodeHeapSize                   = 5839372                                {pd product} {ergonomic}
    uintx NonProfiledCodeHeapSize                  = 122909434                              {pd product} {ergonomic}
    uintx ProfiledCodeHeapSize                     = 122909434                              {pd product} {ergonomic}
    uintx ReservedCodeCacheSize                    = 251658240                              {pd product} {ergonomic}
     bool SegmentedCodeCache                       = true                                      {product} {ergonomic}
   size_t SoftMaxHeapSize                          = 2080374784                             {manageable} {ergonomic}
     bool UseCompressedClassPointers               = true                           {product lp64_product} {ergonomic}
     bool UseCompressedOops                        = true                           {product lp64_product} {ergonomic}
     bool UseG1GC                                  = true                                      {product} {ergonomic}
     bool UseLargePagesIndividualAllocation        = false                                  {pd product} {ergonomic}

Logging:
Log output configuration:
 #0: stdout all=warning uptime,level,tags
 #1: stderr all=off uptime,level,tags

Environment Variables:
JAVA_HOME=C:\Program Files\Java\jdk-17.0.1
PATH=C:\MinGW\bin;C:\Program Files\Common Files\Oracle\Java\javapath;C:\oraclexe\app\oracle\product\11.2.0\server\bin;C:\WINDOWS\system32;C:\WINDOWS;C:\WINDOWS\System32\Wbem;C:\WINDOWS\System32\WindowsPowerShell\v1.0\;C:\WINDOWS\System32\OpenSSH\;C:\Users\nibed\AppData\Local\Programs\Python\Python39\;C:\Users\nibed\AppData\Local\Programs\Python\Python39\Scripts\;C:\Users\nibed\Downloads\openjdk-25.0.1_windows-x64_bin\jdk-25.0.1\bin;C:\Users\nibed\Downloads\apache-maven-3.9.11-bin\apache-maven-3.9.11\bin;C:\Program Files\Git\cmd;C:\Users\nibed\AppData\Local\Programs\Python\Python313\Scripts\;C:\Users\nibed\AppData\Local\Programs\Python\Python313\;C:\MinGW\bin;C:\Users\nibed\AppData\Local\Microsoft\WindowsApps;C:\Windows;C:\Users\nibed\AppData\Local\Programs\Microsoft VS Code\bin;
USERNAME=nibed
OS=Windows_NT
PROCESSOR_IDENTIFIER=Intel64 Family 6 Model 140 Stepping 1, GenuineIntel



---------------  S Y S T E M  ---------------

OS:
 Windows 10 , 64 bit Build 26100 (10.0.26100.7019)
OS uptime: 11 days 13:19 hours

CPU: total 8 (initial active 8) (4 cores per cpu, 2 threads per core) family 6 model 140 stepping 1 microcode 0xac, cx8, cmov, fxsr, ht, mmx, 3dnowpref, sse, sse2, sse3, ssse3, sse4.1, sse4.2, popcnt, lzcnt, tsc, tscinvbit, avx, avx2, aes, erms, clmul, bmi1, bmi2, adx, avx512f, avx512dq, avx512cd, avx512bw, avx512vl, sha, fma, vzeroupper, avx512_vpopcntdq, avx512_vpclmulqdq, avx512_vaes, avx512_vnni, clflush, clflushopt, clwb, avx512_vbmi2, avx512_vbmi

Memory: 4k page, system-wide physical 7932M (613M free)
TotalPageFile size 17493M (AvailPageFile size 41M)
current process WorkingSet (physical memory assigned to process): 13M, peak: 13M
current process commit charge ("private bytes"): 60M, peak: 184M

vm_info: Java HotSpot(TM) 64-Bit Server VM (17.0.1+12-LTS-39) for windows-amd64 JRE (17.0.1+12-LTS-39), built on Sep 27 2021 18:41:35 by "mach5one" with MS VC++ 16.8 (VS2019)

END.
